<?xml version="1.0" encoding="UTF-8"?>
<testsuite xmlns:xsi="http://www.w3.org/2001/XMLSchema-instance" xsi:noNamespaceSchemaLocation="https://maven.apache.org/surefire/maven-surefire-plugin/xsd/surefire-test-report-3.0.xsd" version="3.0" name="com.consentmanager.services.AuthServiceTest" time="1.809" tests="14" errors="0" skipped="0" failures="0">
  <properties>
    <property name="java.specification.version" value="21"/>
    <property name="sun.jnu.encoding" value="UTF-8"/>
    <property name="java.class.path" value="/app/target/test-classes:/app/target/classes:/home/jules/.m2/repository/org/xerial/sqlite-jdbc/3.45.1.0/sqlite-jdbc-3.45.1.0.jar:/home/jules/.m2/repository/com/sparkjava/spark-core/2.9.4/spark-core-2.9.4.jar:/home/jules/.m2/repository/org/eclipse/jetty/jetty-server/9.4.48.v20220622/jetty-server-9.4.48.v20220622.jar:/home/jules/.m2/repository/javax/servlet/javax.servlet-api/3.1.0/javax.servlet-api-3.1.0.jar:/home/jules/.m2/repository/org/eclipse/jetty/jetty-http/9.4.48.v20220622/jetty-http-9.4.48.v20220622.jar:/home/jules/.m2/repository/org/eclipse/jetty/jetty-util/9.4.48.v20220622/jetty-util-9.4.48.v20220622.jar:/home/jules/.m2/repository/org/eclipse/jetty/jetty-io/9.4.48.v20220622/jetty-io-9.4.48.v20220622.jar:/home/jules/.m2/repository/org/eclipse/jetty/jetty-webapp/9.4.48.v20220622/jetty-webapp-9.4.48.v20220622.jar:/home/jules/.m2/repository/org/eclipse/jetty/jetty-xml/9.4.48.v20220622/jetty-xml-9.4.48.v20220622.jar:/home/jules/.m2/repository/org/eclipse/jetty/jetty-servlet/9.4.48.v20220622/jetty-servlet-9.4.48.v20220622.jar:/home/jules/.m2/repository/org/eclipse/jetty/jetty-security/9.4.48.v20220622/jetty-security-9.4.48.v20220622.jar:/home/jules/.m2/repository/org/eclipse/jetty/jetty-util-ajax/9.4.48.v20220622/jetty-util-ajax-9.4.48.v20220622.jar:/home/jules/.m2/repository/org/eclipse/jetty/websocket/websocket-server/9.4.48.v20220622/websocket-server-9.4.48.v20220622.jar:/home/jules/.m2/repository/org/eclipse/jetty/websocket/websocket-common/9.4.48.v20220622/websocket-common-9.4.48.v20220622.jar:/home/jules/.m2/repository/org/eclipse/jetty/websocket/websocket-client/9.4.48.v20220622/websocket-client-9.4.48.v20220622.jar:/home/jules/.m2/repository/org/eclipse/jetty/jetty-client/9.4.48.v20220622/jetty-client-9.4.48.v20220622.jar:/home/jules/.m2/repository/org/eclipse/jetty/websocket/websocket-servlet/9.4.48.v20220622/websocket-servlet-9.4.48.v20220622.jar:/home/jules/.m2/repository/org/eclipse/jetty/websocket/websocket-api/9.4.48.v20220622/websocket-api-9.4.48.v20220622.jar:/home/jules/.m2/repository/com/fasterxml/jackson/core/jackson-databind/2.17.0/jackson-databind-2.17.0.jar:/home/jules/.m2/repository/com/fasterxml/jackson/core/jackson-annotations/2.17.0/jackson-annotations-2.17.0.jar:/home/jules/.m2/repository/com/fasterxml/jackson/core/jackson-core/2.17.0/jackson-core-2.17.0.jar:/home/jules/.m2/repository/net/bytebuddy/byte-buddy/1.14.9/byte-buddy-1.14.9.jar:/home/jules/.m2/repository/com/fasterxml/jackson/datatype/jackson-datatype-jsr310/2.17.0/jackson-datatype-jsr310-2.17.0.jar:/home/jules/.m2/repository/com/auth0/java-jwt/4.4.0/java-jwt-4.4.0.jar:/home/jules/.m2/repository/org/mindrot/jbcrypt/0.4/jbcrypt-0.4.jar:/home/jules/.m2/repository/org/slf4j/slf4j-api/2.0.12/slf4j-api-2.0.12.jar:/home/jules/.m2/repository/ch/qos/logback/logback-classic/1.5.3/logback-classic-1.5.3.jar:/home/jules/.m2/repository/ch/qos/logback/logback-core/1.5.3/logback-core-1.5.3.jar:/home/jules/.m2/repository/org/junit/jupiter/junit-jupiter-api/5.10.2/junit-jupiter-api-5.10.2.jar:/home/jules/.m2/repository/org/opentest4j/opentest4j/1.3.0/opentest4j-1.3.0.jar:/home/jules/.m2/repository/org/junit/platform/junit-platform-commons/1.10.2/junit-platform-commons-1.10.2.jar:/home/jules/.m2/repository/org/apiguardian/apiguardian-api/1.1.2/apiguardian-api-1.1.2.jar:/home/jules/.m2/repository/org/junit/jupiter/junit-jupiter-engine/5.10.2/junit-jupiter-engine-5.10.2.jar:/home/jules/.m2/repository/org/junit/platform/junit-platform-engine/1.10.2/junit-platform-engine-1.10.2.jar:/home/jules/.m2/repository/org/mockito/mockito-core/5.11.0/mockito-core-5.11.0.jar:/home/jules/.m2/repository/net/bytebuddy/byte-buddy-agent/1.14.12/byte-buddy-agent-1.14.12.jar:/home/jules/.m2/repository/org/objenesis/objenesis/3.3/objenesis-3.3.jar:/home/jules/.m2/repository/org/mockito/mockito-junit-jupiter/5.11.0/mockito-junit-jupiter-5.11.0.jar:"/>
    <property name="java.vm.vendor" value="Ubuntu"/>
    <property name="JWT_SECRET_KEY" value="test-secret-key-that-is-definitely-long-enough-for-testing-this"/>
    <property name="sun.arch.data.model" value="64"/>
    <property name="java.vendor.url" value="https://ubuntu.com/"/>
    <property name="user.timezone" value="Etc/UTC"/>
    <property name="os.name" value="Linux"/>
    <property name="java.vm.specification.version" value="21"/>
    <property name="sun.java.launcher" value="SUN_STANDARD"/>
    <property name="sun.boot.library.path" value="/usr/lib/jvm/java-21-openjdk-amd64/lib"/>
    <property name="sun.java.command" value="/app/target/surefire/surefirebooter-20250701164626034_3.jar /app/target/surefire 2025-07-01T16-46-25_927-jvmRun1 surefire-20250701164626034_1tmp surefire_0-20250701164626034_2tmp"/>
    <property name="jdk.debug" value="release"/>
    <property name="surefire.test.class.path" value="/app/target/test-classes:/app/target/classes:/home/jules/.m2/repository/org/xerial/sqlite-jdbc/3.45.1.0/sqlite-jdbc-3.45.1.0.jar:/home/jules/.m2/repository/com/sparkjava/spark-core/2.9.4/spark-core-2.9.4.jar:/home/jules/.m2/repository/org/eclipse/jetty/jetty-server/9.4.48.v20220622/jetty-server-9.4.48.v20220622.jar:/home/jules/.m2/repository/javax/servlet/javax.servlet-api/3.1.0/javax.servlet-api-3.1.0.jar:/home/jules/.m2/repository/org/eclipse/jetty/jetty-http/9.4.48.v20220622/jetty-http-9.4.48.v20220622.jar:/home/jules/.m2/repository/org/eclipse/jetty/jetty-util/9.4.48.v20220622/jetty-util-9.4.48.v20220622.jar:/home/jules/.m2/repository/org/eclipse/jetty/jetty-io/9.4.48.v20220622/jetty-io-9.4.48.v20220622.jar:/home/jules/.m2/repository/org/eclipse/jetty/jetty-webapp/9.4.48.v20220622/jetty-webapp-9.4.48.v20220622.jar:/home/jules/.m2/repository/org/eclipse/jetty/jetty-xml/9.4.48.v20220622/jetty-xml-9.4.48.v20220622.jar:/home/jules/.m2/repository/org/eclipse/jetty/jetty-servlet/9.4.48.v20220622/jetty-servlet-9.4.48.v20220622.jar:/home/jules/.m2/repository/org/eclipse/jetty/jetty-security/9.4.48.v20220622/jetty-security-9.4.48.v20220622.jar:/home/jules/.m2/repository/org/eclipse/jetty/jetty-util-ajax/9.4.48.v20220622/jetty-util-ajax-9.4.48.v20220622.jar:/home/jules/.m2/repository/org/eclipse/jetty/websocket/websocket-server/9.4.48.v20220622/websocket-server-9.4.48.v20220622.jar:/home/jules/.m2/repository/org/eclipse/jetty/websocket/websocket-common/9.4.48.v20220622/websocket-common-9.4.48.v20220622.jar:/home/jules/.m2/repository/org/eclipse/jetty/websocket/websocket-client/9.4.48.v20220622/websocket-client-9.4.48.v20220622.jar:/home/jules/.m2/repository/org/eclipse/jetty/jetty-client/9.4.48.v20220622/jetty-client-9.4.48.v20220622.jar:/home/jules/.m2/repository/org/eclipse/jetty/websocket/websocket-servlet/9.4.48.v20220622/websocket-servlet-9.4.48.v20220622.jar:/home/jules/.m2/repository/org/eclipse/jetty/websocket/websocket-api/9.4.48.v20220622/websocket-api-9.4.48.v20220622.jar:/home/jules/.m2/repository/com/fasterxml/jackson/core/jackson-databind/2.17.0/jackson-databind-2.17.0.jar:/home/jules/.m2/repository/com/fasterxml/jackson/core/jackson-annotations/2.17.0/jackson-annotations-2.17.0.jar:/home/jules/.m2/repository/com/fasterxml/jackson/core/jackson-core/2.17.0/jackson-core-2.17.0.jar:/home/jules/.m2/repository/net/bytebuddy/byte-buddy/1.14.9/byte-buddy-1.14.9.jar:/home/jules/.m2/repository/com/fasterxml/jackson/datatype/jackson-datatype-jsr310/2.17.0/jackson-datatype-jsr310-2.17.0.jar:/home/jules/.m2/repository/com/auth0/java-jwt/4.4.0/java-jwt-4.4.0.jar:/home/jules/.m2/repository/org/mindrot/jbcrypt/0.4/jbcrypt-0.4.jar:/home/jules/.m2/repository/org/slf4j/slf4j-api/2.0.12/slf4j-api-2.0.12.jar:/home/jules/.m2/repository/ch/qos/logback/logback-classic/1.5.3/logback-classic-1.5.3.jar:/home/jules/.m2/repository/ch/qos/logback/logback-core/1.5.3/logback-core-1.5.3.jar:/home/jules/.m2/repository/org/junit/jupiter/junit-jupiter-api/5.10.2/junit-jupiter-api-5.10.2.jar:/home/jules/.m2/repository/org/opentest4j/opentest4j/1.3.0/opentest4j-1.3.0.jar:/home/jules/.m2/repository/org/junit/platform/junit-platform-commons/1.10.2/junit-platform-commons-1.10.2.jar:/home/jules/.m2/repository/org/apiguardian/apiguardian-api/1.1.2/apiguardian-api-1.1.2.jar:/home/jules/.m2/repository/org/junit/jupiter/junit-jupiter-engine/5.10.2/junit-jupiter-engine-5.10.2.jar:/home/jules/.m2/repository/org/junit/platform/junit-platform-engine/1.10.2/junit-platform-engine-1.10.2.jar:/home/jules/.m2/repository/org/mockito/mockito-core/5.11.0/mockito-core-5.11.0.jar:/home/jules/.m2/repository/net/bytebuddy/byte-buddy-agent/1.14.12/byte-buddy-agent-1.14.12.jar:/home/jules/.m2/repository/org/objenesis/objenesis/3.3/objenesis-3.3.jar:/home/jules/.m2/repository/org/mockito/mockito-junit-jupiter/5.11.0/mockito-junit-jupiter-5.11.0.jar:"/>
    <property name="sun.cpu.endian" value="little"/>
    <property name="user.home" value="/home/jules"/>
    <property name="user.language" value="en"/>
    <property name="java.specification.vendor" value="Oracle Corporation"/>
    <property name="java.version.date" value="2025-04-15"/>
    <property name="java.home" value="/usr/lib/jvm/java-21-openjdk-amd64"/>
    <property name="file.separator" value="/"/>
    <property name="basedir" value="/app"/>
    <property name="java.vm.compressedOopsMode" value="32-bit"/>
    <property name="line.separator" value="&#10;"/>
    <property name="java.vm.specification.vendor" value="Oracle Corporation"/>
    <property name="java.specification.name" value="Java Platform API Specification"/>
    <property name="surefire.real.class.path" value="/app/target/surefire/surefirebooter-20250701164626034_3.jar"/>
    <property name="sun.management.compiler" value="HotSpot 64-Bit Tiered Compilers"/>
    <property name="java.runtime.version" value="21.0.7+6-Ubuntu-0ubuntu124.04"/>
    <property name="user.name" value="jules"/>
    <property name="stdout.encoding" value="UTF-8"/>
    <property name="path.separator" value=":"/>
    <property name="os.version" value="6.8.0"/>
    <property name="java.runtime.name" value="OpenJDK Runtime Environment"/>
    <property name="file.encoding" value="UTF-8"/>
    <property name="java.vm.name" value="OpenJDK 64-Bit Server VM"/>
    <property name="localRepository" value="/home/jules/.m2/repository"/>
    <property name="java.vendor.url.bug" value="https://bugs.launchpad.net/ubuntu/+source/openjdk-21"/>
    <property name="java.io.tmpdir" value="/tmp"/>
    <property name="java.version" value="21.0.7"/>
    <property name="user.dir" value="/app"/>
    <property name="os.arch" value="amd64"/>
    <property name="java.vm.specification.name" value="Java Virtual Machine Specification"/>
    <property name="native.encoding" value="UTF-8"/>
    <property name="java.library.path" value="/usr/java/packages/lib:/usr/lib/x86_64-linux-gnu/jni:/lib/x86_64-linux-gnu:/usr/lib/x86_64-linux-gnu:/usr/lib/jni:/lib:/usr/lib"/>
    <property name="stderr.encoding" value="UTF-8"/>
    <property name="java.vm.info" value="mixed mode, sharing"/>
    <property name="java.vendor" value="Ubuntu"/>
    <property name="java.vm.version" value="21.0.7+6-Ubuntu-0ubuntu124.04"/>
    <property name="sun.io.unicode.encoding" value="UnicodeLittle"/>
    <property name="java.class.version" value="65.0"/>
  </properties>
  <testcase name="signupProvider_success" classname="com.consentmanager.services.AuthServiceTest" time="1.613">
    <system-out><![CDATA[2025-07-01 16:46:32.529 [main] INFO  c.c.services.AuthService - Attempting to signup provider with username: provUser
2025-07-01 16:46:32.535 [main] INFO  c.c.services.AuthService - Provider provUser signed up successfully and added to backlog with ID: 1
]]></system-out>
    <system-err><![CDATA[WARNING: A Java agent has been loaded dynamically (/home/jules/.m2/repository/net/bytebuddy/byte-buddy-agent/1.14.12/byte-buddy-agent-1.14.12.jar)
WARNING: If a serviceability tool is in use, please run with -XX:+EnableDynamicAgentLoading to hide this warning
WARNING: If a serviceability tool is not in use, please run with -Djdk.instrument.traceUsage for more information
WARNING: Dynamic loading of agents will be disallowed by default in a future release
]]></system-err>
  </testcase>
  <testcase name="login_providerSuccess" classname="com.consentmanager.services.AuthServiceTest" time="0.04">
    <system-out><![CDATA[2025-07-01 16:46:32.585 [main] INFO  c.c.services.AuthService - Attempting login for username: provUser, role: provider
2025-07-01 16:46:32.586 [main] INFO  c.c.services.AuthService - Provider provUser logged in successfully.
]]></system-out>
  </testcase>
  <testcase name="login_adminSuccess" classname="com.consentmanager.services.AuthServiceTest" time="0.014">
    <system-out><![CDATA[2025-07-01 16:46:32.601 [main] INFO  c.c.services.AuthService - Attempting login for username: adminUser, role: admin
2025-07-01 16:46:32.603 [main] INFO  c.c.services.AuthService - Admin adminUser logged in successfully.
]]></system-out>
  </testcase>
  <testcase name="login_providerInBacklogPending_failsWithStatus" classname="com.consentmanager.services.AuthServiceTest" time="0.01">
    <system-out><![CDATA[2025-07-01 16:46:32.615 [main] INFO  c.c.services.AuthService - Attempting login for username: provBacklogUser, role: provider
2025-07-01 16:46:32.616 [main] INFO  c.c.services.AuthService - Provider provBacklogUser found in backlog with status: pending
]]></system-out>
  </testcase>
  <testcase name="login_invalidPassword_fails" classname="com.consentmanager.services.AuthServiceTest" time="0.01">
    <system-out><![CDATA[2025-07-01 16:46:32.627 [main] INFO  c.c.services.AuthService - Attempting login for username: testUser, role: provider
2025-07-01 16:46:32.628 [main] WARN  c.c.services.AuthService - Login failed for username: testUser. Invalid credentials or role.
]]></system-out>
  </testcase>
  <testcase name="signupSeeker_success" classname="com.consentmanager.services.AuthServiceTest" time="0.013">
    <system-out><![CDATA[2025-07-01 16:46:32.641 [main] INFO  c.c.services.AuthService - Attempting to signup seeker with username: seekUser
2025-07-01 16:46:32.642 [main] INFO  c.c.services.AuthService - Seeker seekUser signed up successfully and added to backlog with ID: 1
]]></system-out>
  </testcase>
  <testcase name="signupAdmin_credentialSaveFails_fails" classname="com.consentmanager.services.AuthServiceTest" time="0.009">
    <system-out><![CDATA[2025-07-01 16:46:32.652 [main] INFO  c.c.services.AuthService - Attempting to signup admin with username: adminUser
2025-07-01 16:46:32.653 [main] ERROR c.c.services.AuthService - Failed to save credential for admin username: adminUser
]]></system-out>
  </testcase>
  <testcase name="signupProvider_usernameExists_fails" classname="com.consentmanager.services.AuthServiceTest" time="0.007">
    <system-out><![CDATA[2025-07-01 16:46:32.660 [main] INFO  c.c.services.AuthService - Attempting to signup provider with username: provUser
2025-07-01 16:46:32.661 [main] WARN  c.c.services.AuthService - Username provUser already exists.
]]></system-out>
  </testcase>
  <testcase name="login_userNotFound_fails" classname="com.consentmanager.services.AuthServiceTest" time="0.008">
    <system-out><![CDATA[2025-07-01 16:46:32.670 [main] INFO  c.c.services.AuthService - Attempting login for username: unknownUser, role: provider
2025-07-01 16:46:32.671 [main] WARN  c.c.services.AuthService - Login failed for username: unknownUser. Invalid credentials or role.
]]></system-out>
  </testcase>
  <testcase name="signupAdmin_adminProfileSaveFails_fails" classname="com.consentmanager.services.AuthServiceTest" time="0.01">
    <system-out><![CDATA[2025-07-01 16:46:32.682 [main] INFO  c.c.services.AuthService - Attempting to signup admin with username: adminUser
2025-07-01 16:46:32.683 [main] ERROR c.c.services.AuthService - Failed to save admin profile for adminUser after creating credential. Manual cleanup might be needed for credential ID: 1
]]></system-out>
  </testcase>
  <testcase name="signupProvider_emailExists_fails" classname="com.consentmanager.services.AuthServiceTest" time="0.007">
    <system-out><![CDATA[2025-07-01 16:46:32.691 [main] INFO  c.c.services.AuthService - Attempting to signup provider with username: provUser
2025-07-01 16:46:32.692 [main] WARN  c.c.services.AuthService - Email prov@example.com already exists for a provider.
]]></system-out>
  </testcase>
  <testcase name="signupAdmin_success" classname="com.consentmanager.services.AuthServiceTest" time="0.008">
    <system-out><![CDATA[2025-07-01 16:46:32.700 [main] INFO  c.c.services.AuthService - Attempting to signup admin with username: adminUser
2025-07-01 16:46:32.702 [main] INFO  c.c.services.AuthService - Admin adminUser signed up successfully with Credential ID: 1 and Admin ID: 1
]]></system-out>
  </testcase>
  <testcase name="login_providerInBacklogRejected_failsWithStatus" classname="com.consentmanager.services.AuthServiceTest" time="0.006">
    <system-out><![CDATA[2025-07-01 16:46:32.709 [main] INFO  c.c.services.AuthService - Attempting login for username: provRejectedUser, role: provider
2025-07-01 16:46:32.709 [main] INFO  c.c.services.AuthService - Provider provRejectedUser found in backlog with status: rejected
]]></system-out>
  </testcase>
  <testcase name="login_providerInactive_fails" classname="com.consentmanager.services.AuthServiceTest" time="0.006">
    <system-out><![CDATA[2025-07-01 16:46:32.716 [main] INFO  c.c.services.AuthService - Attempting login for username: provUserInactive, role: provider
2025-07-01 16:46:32.717 [main] WARN  c.c.services.AuthService - Provider account provUserInactive is inactive.
]]></system-out>
  </testcase>
</testsuite>